app/build/intermediates/manifest_merge_blame_file/debug/processDebugMainManifest/manifest-merger-blame-debug-report.txt
1<?xml version="1.0" encoding="utf-8"?>
2<manifest xmlns:android="http://schemas.android.com/apk/res/android"
3    package="com.example.myapplication"
4    android:versionCode="1"
5    android:versionName="1.0" >
6
7    <uses-sdk
8        android:minSdkVersion="26"
9        android:targetSdkVersion="34" />
10
11    <!-- ✅ Permissions MUST be here -->
12    <uses-permission android:name="android.permission.INTERNET" />
12-->src\main\AndroidManifest.xml:6:5-66
12-->src\main\AndroidManifest.xml:6:22-64
13    <uses-permission
13-->src\main\AndroidManifest.xml:7:5-8:37
14        android:name="android.permission.WRITE_EXTERNAL_STORAGE"
14-->src\main\AndroidManifest.xml:7:22-78
15        android:maxSdkVersion="28" />
15-->src\main\AndroidManifest.xml:8:9-35
16    <uses-permission android:name="android.permission.ACCESS_FINE_LOCATION" />
16-->src\main\AndroidManifest.xml:9:5-78
16-->src\main\AndroidManifest.xml:9:22-76
17    <uses-permission android:name="android.permission.ACCESS_COARSE_LOCATION" />
17-->src\main\AndroidManifest.xml:10:5-80
17-->src\main\AndroidManifest.xml:10:22-78
18    <uses-permission android:name="android.permission.INTERNET" />
18-->src\main\AndroidManifest.xml:6:5-66
18-->src\main\AndroidManifest.xml:6:22-64
19    <uses-permission android:name="android.permission.ACCESS_NETWORK_STATE" />
19-->src\main\AndroidManifest.xml:12:5-78
19-->src\main\AndroidManifest.xml:12:22-76
20
21    <queries>
21-->src\main\AndroidManifest.xml:14:5-16:15
22        <package android:name="com.google.android.gms" />
22-->src\main\AndroidManifest.xml:15:9-58
22-->src\main\AndroidManifest.xml:15:18-55
23        <!-- Needs to be explicitly declared on Android R+ -->
24        <package android:name="com.google.android.apps.maps" />
24-->[com.google.android.gms:play-services-maps:18.2.0] AndroidManifest.xml:33:9-64
24-->[com.google.android.gms:play-services-maps:18.2.0] AndroidManifest.xml:33:18-61
25    </queries>
26
27    <supports-screens
27-->[org.osmdroid:osmdroid-android:6.1.20] AndroidManifest.xml:9:5-12:40
28        android:anyDensity="true"
28-->[org.osmdroid:osmdroid-android:6.1.20] AndroidManifest.xml:10:9-34
29        android:largeScreens="true"
29-->[org.osmdroid:osmdroid-android:6.1.20] AndroidManifest.xml:11:9-36
30        android:normalScreens="true" />
30-->[org.osmdroid:osmdroid-android:6.1.20] AndroidManifest.xml:12:9-37
31
32    <uses-feature
32-->[org.osmdroid:osmdroid-android:6.1.20] AndroidManifest.xml:14:5-16:36
33        android:name="android.hardware.location.network"
33-->[org.osmdroid:osmdroid-android:6.1.20] AndroidManifest.xml:15:9-57
34        android:required="false" />
34-->[org.osmdroid:osmdroid-android:6.1.20] AndroidManifest.xml:16:9-33
35    <uses-feature
35-->[org.osmdroid:osmdroid-android:6.1.20] AndroidManifest.xml:17:5-19:36
36        android:name="android.hardware.location.gps"
36-->[org.osmdroid:osmdroid-android:6.1.20] AndroidManifest.xml:18:9-53
37        android:required="false" />
37-->[org.osmdroid:osmdroid-android:6.1.20] AndroidManifest.xml:19:9-33
38    <uses-feature
38-->[org.osmdroid:osmdroid-android:6.1.20] AndroidManifest.xml:20:5-22:36
39        android:name="android.hardware.telephony"
39-->[org.osmdroid:osmdroid-android:6.1.20] AndroidManifest.xml:21:9-50
40        android:required="false" />
40-->[org.osmdroid:osmdroid-android:6.1.20] AndroidManifest.xml:22:9-33
41    <uses-feature
41-->[org.osmdroid:osmdroid-android:6.1.20] AndroidManifest.xml:23:5-25:36
42        android:name="android.hardware.wifi"
42-->[org.osmdroid:osmdroid-android:6.1.20] AndroidManifest.xml:24:9-45
43        android:required="false" />
43-->[org.osmdroid:osmdroid-android:6.1.20] AndroidManifest.xml:25:9-33
44    <uses-feature
44-->[com.google.android.gms:play-services-maps:18.2.0] AndroidManifest.xml:26:5-28:35
45        android:glEsVersion="0x00020000"
45-->[com.google.android.gms:play-services-maps:18.2.0] AndroidManifest.xml:27:9-41
46        android:required="true" />
46-->[com.google.android.gms:play-services-maps:18.2.0] AndroidManifest.xml:28:9-32
47
48    <uses-permission android:name="com.google.android.providers.gsf.permission.READ_GSERVICES" />
48-->[com.google.android.recaptcha:recaptcha:18.4.0] AndroidManifest.xml:9:5-98
48-->[com.google.android.recaptcha:recaptcha:18.4.0] AndroidManifest.xml:9:22-95
49
50    <permission
50-->[androidx.core:core:1.16.0] AndroidManifest.xml:22:5-24:47
51        android:name="com.example.myapplication.DYNAMIC_RECEIVER_NOT_EXPORTED_PERMISSION"
51-->[androidx.core:core:1.16.0] AndroidManifest.xml:23:9-81
52        android:protectionLevel="signature" />
52-->[androidx.core:core:1.16.0] AndroidManifest.xml:24:9-44
53
54    <uses-permission android:name="com.example.myapplication.DYNAMIC_RECEIVER_NOT_EXPORTED_PERMISSION" />
54-->[androidx.core:core:1.16.0] AndroidManifest.xml:26:5-97
54-->[androidx.core:core:1.16.0] AndroidManifest.xml:26:22-94
55
56    <application
56-->src\main\AndroidManifest.xml:18:5-52:19
57        android:allowBackup="true"
57-->src\main\AndroidManifest.xml:19:9-35
58        android:appComponentFactory="androidx.core.app.CoreComponentFactory"
58-->[androidx.core:core:1.16.0] AndroidManifest.xml:28:18-86
59        android:dataExtractionRules="@xml/data_extraction_rules"
59-->src\main\AndroidManifest.xml:20:9-65
60        android:debuggable="true"
61        android:extractNativeLibs="false"
62        android:fullBackupContent="@xml/backup_rules"
62-->src\main\AndroidManifest.xml:21:9-54
63        android:icon="@mipmap/ic_launcher"
63-->src\main\AndroidManifest.xml:22:9-43
64        android:label="@string/app_name"
64-->src\main\AndroidManifest.xml:23:9-41
65        android:roundIcon="@mipmap/ic_launcher_round"
65-->src\main\AndroidManifest.xml:24:9-54
66        android:supportsRtl="true"
66-->src\main\AndroidManifest.xml:25:9-35
67        android:testOnly="true"
68        android:theme="@style/Theme.MyApplication" >
68-->src\main\AndroidManifest.xml:26:9-51
69
70        <!-- ✅ Google Maps API Key -->
71        <meta-data
71-->src\main\AndroidManifest.xml:29:9-31:54
72            android:name="com.google.android.geo.API_KEY"
72-->src\main\AndroidManifest.xml:30:13-58
73            android:value="@string/google_maps_key" />
73-->src\main\AndroidManifest.xml:31:13-52
74
75        <activity android:name="com.example.myapplication.RegisterActivity" />
75-->src\main\AndroidManifest.xml:33:9-54
75-->src\main\AndroidManifest.xml:33:19-51
76        <activity android:name="com.example.myapplication.GroupActivity" />
76-->src\main\AndroidManifest.xml:34:9-50
76-->src\main\AndroidManifest.xml:34:19-48
77        <activity android:name="com.example.myapplication.ChatMessageActivity" />
77-->src\main\AndroidManifest.xml:35:9-56
77-->src\main\AndroidManifest.xml:35:19-54
78        <activity android:name="com.example.myapplication.settingActivity" />
78-->src\main\AndroidManifest.xml:36:9-52
78-->src\main\AndroidManifest.xml:36:19-50
79        <activity
79-->src\main\AndroidManifest.xml:37:9-39:40
80            android:name="com.example.myapplication.HomeActivity"
80-->src\main\AndroidManifest.xml:38:13-41
81            android:exported="false" />
81-->src\main\AndroidManifest.xml:39:13-37
82        <activity android:name="com.example.myapplication.ItemDestinationActivity" />
82-->src\main\AndroidManifest.xml:41:9-61
82-->src\main\AndroidManifest.xml:41:19-58
83        <activity
83-->src\main\AndroidManifest.xml:43:9-50:20
84            android:name="com.example.myapplication.MainActivity"
84-->src\main\AndroidManifest.xml:44:13-41
85            android:exported="true" >
85-->src\main\AndroidManifest.xml:45:13-36
86            <intent-filter>
86-->src\main\AndroidManifest.xml:46:13-49:29
87                <action android:name="android.intent.action.MAIN" />
87-->src\main\AndroidManifest.xml:47:17-69
87-->src\main\AndroidManifest.xml:47:25-66
88
89                <category android:name="android.intent.category.LAUNCHER" />
89-->src\main\AndroidManifest.xml:48:17-77
89-->src\main\AndroidManifest.xml:48:27-74
90            </intent-filter>
91        </activity>
92        <activity
92-->[com.google.firebase:firebase-auth:23.0.0] AndroidManifest.xml:29:9-46:20
93            android:name="com.google.firebase.auth.internal.GenericIdpActivity"
93-->[com.google.firebase:firebase-auth:23.0.0] AndroidManifest.xml:30:13-80
94            android:excludeFromRecents="true"
94-->[com.google.firebase:firebase-auth:23.0.0] AndroidManifest.xml:31:13-46
95            android:exported="true"
95-->[com.google.firebase:firebase-auth:23.0.0] AndroidManifest.xml:32:13-36
96            android:launchMode="singleTask"
96-->[com.google.firebase:firebase-auth:23.0.0] AndroidManifest.xml:33:13-44
97            android:theme="@android:style/Theme.Translucent.NoTitleBar" >
97-->[com.google.firebase:firebase-auth:23.0.0] AndroidManifest.xml:34:13-72
98            <intent-filter>
98-->[com.google.firebase:firebase-auth:23.0.0] AndroidManifest.xml:35:13-45:29
99                <action android:name="android.intent.action.VIEW" />
99-->[com.google.firebase:firebase-auth:23.0.0] AndroidManifest.xml:36:17-69
99-->[com.google.firebase:firebase-auth:23.0.0] AndroidManifest.xml:36:25-66
100
101                <category android:name="android.intent.category.DEFAULT" />
101-->[com.google.firebase:firebase-auth:23.0.0] AndroidManifest.xml:38:17-76
101-->[com.google.firebase:firebase-auth:23.0.0] AndroidManifest.xml:38:27-73
102                <category android:name="android.intent.category.BROWSABLE" />
102-->[com.google.firebase:firebase-auth:23.0.0] AndroidManifest.xml:39:17-78
102-->[com.google.firebase:firebase-auth:23.0.0] AndroidManifest.xml:39:27-75
103
104                <data
104-->[com.google.firebase:firebase-auth:23.0.0] AndroidManifest.xml:41:17-44:51
105                    android:host="firebase.auth"
105-->[com.google.firebase:firebase-auth:23.0.0] AndroidManifest.xml:42:21-49
106                    android:path="/"
106-->[com.google.firebase:firebase-auth:23.0.0] AndroidManifest.xml:43:21-37
107                    android:scheme="genericidp" />
107-->[com.google.firebase:firebase-auth:23.0.0] AndroidManifest.xml:44:21-48
108            </intent-filter>
109        </activity>
110        <activity
110-->[com.google.firebase:firebase-auth:23.0.0] AndroidManifest.xml:47:9-64:20
111            android:name="com.google.firebase.auth.internal.RecaptchaActivity"
111-->[com.google.firebase:firebase-auth:23.0.0] AndroidManifest.xml:48:13-79
112            android:excludeFromRecents="true"
112-->[com.google.firebase:firebase-auth:23.0.0] AndroidManifest.xml:49:13-46
113            android:exported="true"
113-->[com.google.firebase:firebase-auth:23.0.0] AndroidManifest.xml:50:13-36
114            android:launchMode="singleTask"
114-->[com.google.firebase:firebase-auth:23.0.0] AndroidManifest.xml:51:13-44
115            android:theme="@android:style/Theme.Translucent.NoTitleBar" >
115-->[com.google.firebase:firebase-auth:23.0.0] AndroidManifest.xml:52:13-72
116            <intent-filter>
116-->[com.google.firebase:firebase-auth:23.0.0] AndroidManifest.xml:53:13-63:29
117                <action android:name="android.intent.action.VIEW" />
117-->[com.google.firebase:firebase-auth:23.0.0] AndroidManifest.xml:36:17-69
117-->[com.google.firebase:firebase-auth:23.0.0] AndroidManifest.xml:36:25-66
118
119                <category android:name="android.intent.category.DEFAULT" />
119-->[com.google.firebase:firebase-auth:23.0.0] AndroidManifest.xml:38:17-76
119-->[com.google.firebase:firebase-auth:23.0.0] AndroidManifest.xml:38:27-73
120                <category android:name="android.intent.category.BROWSABLE" />
120-->[com.google.firebase:firebase-auth:23.0.0] AndroidManifest.xml:39:17-78
120-->[com.google.firebase:firebase-auth:23.0.0] AndroidManifest.xml:39:27-75
121
122                <data
122-->[com.google.firebase:firebase-auth:23.0.0] AndroidManifest.xml:41:17-44:51
123                    android:host="firebase.auth"
123-->[com.google.firebase:firebase-auth:23.0.0] AndroidManifest.xml:42:21-49
124                    android:path="/"
124-->[com.google.firebase:firebase-auth:23.0.0] AndroidManifest.xml:43:21-37
125                    android:scheme="recaptcha" />
125-->[com.google.firebase:firebase-auth:23.0.0] AndroidManifest.xml:44:21-48
126            </intent-filter>
127        </activity>
128
129        <service
129-->[com.google.firebase:firebase-auth:23.0.0] AndroidManifest.xml:66:9-72:19
130            android:name="com.google.firebase.components.ComponentDiscoveryService"
130-->[com.google.firebase:firebase-auth:23.0.0] AndroidManifest.xml:67:13-84
131            android:directBootAware="true"
131-->[com.google.firebase:firebase-common:21.0.0] AndroidManifest.xml:32:13-43
132            android:exported="false" >
132-->[com.google.firebase:firebase-auth:23.0.0] AndroidManifest.xml:68:13-37
133            <meta-data
133-->[com.google.firebase:firebase-auth:23.0.0] AndroidManifest.xml:69:13-71:85
134                android:name="com.google.firebase.components:com.google.firebase.auth.FirebaseAuthRegistrar"
134-->[com.google.firebase:firebase-auth:23.0.0] AndroidManifest.xml:70:17-109
135                android:value="com.google.firebase.components.ComponentRegistrar" />
135-->[com.google.firebase:firebase-auth:23.0.0] AndroidManifest.xml:71:17-82
136            <meta-data
136-->[com.google.firebase:firebase-firestore:25.1.0] AndroidManifest.xml:17:13-19:85
137                android:name="com.google.firebase.components:com.google.firebase.firestore.FirebaseFirestoreKtxRegistrar"
137-->[com.google.firebase:firebase-firestore:25.1.0] AndroidManifest.xml:18:17-122
138                android:value="com.google.firebase.components.ComponentRegistrar" />
138-->[com.google.firebase:firebase-firestore:25.1.0] AndroidManifest.xml:19:17-82
139            <meta-data
139-->[com.google.firebase:firebase-firestore:25.1.0] AndroidManifest.xml:20:13-22:85
140                android:name="com.google.firebase.components:com.google.firebase.firestore.FirestoreRegistrar"
140-->[com.google.firebase:firebase-firestore:25.1.0] AndroidManifest.xml:21:17-111
141                android:value="com.google.firebase.components.ComponentRegistrar" />
141-->[com.google.firebase:firebase-firestore:25.1.0] AndroidManifest.xml:22:17-82
142            <meta-data
142-->[com.google.firebase:firebase-storage:21.0.1] AndroidManifest.xml:30:13-32:85
143                android:name="com.google.firebase.components:com.google.firebase.storage.FirebaseStorageKtxRegistrar"
143-->[com.google.firebase:firebase-storage:21.0.1] AndroidManifest.xml:31:17-118
144                android:value="com.google.firebase.components.ComponentRegistrar" />
144-->[com.google.firebase:firebase-storage:21.0.1] AndroidManifest.xml:32:17-82
145            <meta-data
145-->[com.google.firebase:firebase-storage:21.0.1] AndroidManifest.xml:33:13-35:85
146                android:name="com.google.firebase.components:com.google.firebase.storage.StorageRegistrar"
146-->[com.google.firebase:firebase-storage:21.0.1] AndroidManifest.xml:34:17-107
147                android:value="com.google.firebase.components.ComponentRegistrar" />
147-->[com.google.firebase:firebase-storage:21.0.1] AndroidManifest.xml:35:17-82
148            <meta-data
148-->[com.google.firebase:firebase-appcheck:18.0.0] AndroidManifest.xml:25:13-27:85
149                android:name="com.google.firebase.components:com.google.firebase.appcheck.FirebaseAppCheckKtxRegistrar"
149-->[com.google.firebase:firebase-appcheck:18.0.0] AndroidManifest.xml:26:17-120
150                android:value="com.google.firebase.components.ComponentRegistrar" />
150-->[com.google.firebase:firebase-appcheck:18.0.0] AndroidManifest.xml:27:17-82
151            <meta-data
151-->[com.google.firebase:firebase-appcheck:18.0.0] AndroidManifest.xml:28:13-30:85
152                android:name="com.google.firebase.components:com.google.firebase.appcheck.FirebaseAppCheckRegistrar"
152-->[com.google.firebase:firebase-appcheck:18.0.0] AndroidManifest.xml:29:17-117
153                android:value="com.google.firebase.components.ComponentRegistrar" />
153-->[com.google.firebase:firebase-appcheck:18.0.0] AndroidManifest.xml:30:17-82
154            <meta-data
154-->[com.google.firebase:firebase-common-ktx:21.0.0] AndroidManifest.xml:12:13-14:85
155                android:name="com.google.firebase.components:com.google.firebase.ktx.FirebaseCommonLegacyRegistrar"
155-->[com.google.firebase:firebase-common-ktx:21.0.0] AndroidManifest.xml:13:17-116
156                android:value="com.google.firebase.components.ComponentRegistrar" />
156-->[com.google.firebase:firebase-common-ktx:21.0.0] AndroidManifest.xml:14:17-82
157            <meta-data
157-->[com.google.firebase:firebase-common:21.0.0] AndroidManifest.xml:35:13-37:85
158                android:name="com.google.firebase.components:com.google.firebase.FirebaseCommonKtxRegistrar"
158-->[com.google.firebase:firebase-common:21.0.0] AndroidManifest.xml:36:17-109
159                android:value="com.google.firebase.components.ComponentRegistrar" />
159-->[com.google.firebase:firebase-common:21.0.0] AndroidManifest.xml:37:17-82
160        </service> <!-- Needs to be explicitly declared on P+ -->
161        <uses-library
161-->[com.google.android.gms:play-services-maps:18.2.0] AndroidManifest.xml:39:9-41:40
162            android:name="org.apache.http.legacy"
162-->[com.google.android.gms:play-services-maps:18.2.0] AndroidManifest.xml:40:13-50
163            android:required="false" />
163-->[com.google.android.gms:play-services-maps:18.2.0] AndroidManifest.xml:41:13-37
164
165        <service
165-->[androidx.credentials:credentials-play-services-auth:1.2.0-rc01] AndroidManifest.xml:24:9-32:19
166            android:name="androidx.credentials.playservices.CredentialProviderMetadataHolder"
166-->[androidx.credentials:credentials-play-services-auth:1.2.0-rc01] AndroidManifest.xml:25:13-94
167            android:enabled="true"
167-->[androidx.credentials:credentials-play-services-auth:1.2.0-rc01] AndroidManifest.xml:26:13-35
168            android:exported="false" >
168-->[androidx.credentials:credentials-play-services-auth:1.2.0-rc01] AndroidManifest.xml:27:13-37
169            <meta-data
169-->[androidx.credentials:credentials-play-services-auth:1.2.0-rc01] AndroidManifest.xml:29:13-31:104
170                android:name="androidx.credentials.CREDENTIAL_PROVIDER_KEY"
170-->[androidx.credentials:credentials-play-services-auth:1.2.0-rc01] AndroidManifest.xml:30:17-76
171                android:value="androidx.credentials.playservices.CredentialProviderPlayServicesImpl" />
171-->[androidx.credentials:credentials-play-services-auth:1.2.0-rc01] AndroidManifest.xml:31:17-101
172        </service>
173
174        <activity
174-->[androidx.credentials:credentials-play-services-auth:1.2.0-rc01] AndroidManifest.xml:34:9-41:20
175            android:name="androidx.credentials.playservices.HiddenActivity"
175-->[androidx.credentials:credentials-play-services-auth:1.2.0-rc01] AndroidManifest.xml:35:13-76
176            android:configChanges="orientation|screenSize|screenLayout|keyboardHidden"
176-->[androidx.credentials:credentials-play-services-auth:1.2.0-rc01] AndroidManifest.xml:36:13-87
177            android:enabled="true"
177-->[androidx.credentials:credentials-play-services-auth:1.2.0-rc01] AndroidManifest.xml:37:13-35
178            android:exported="false"
178-->[androidx.credentials:credentials-play-services-auth:1.2.0-rc01] AndroidManifest.xml:38:13-37
179            android:fitsSystemWindows="true"
179-->[androidx.credentials:credentials-play-services-auth:1.2.0-rc01] AndroidManifest.xml:39:13-45
180            android:theme="@style/Theme.Hidden" >
180-->[androidx.credentials:credentials-play-services-auth:1.2.0-rc01] AndroidManifest.xml:40:13-48
181        </activity>
182        <activity
182-->[com.google.android.gms:play-services-auth:20.7.0] AndroidManifest.xml:23:9-27:75
183            android:name="com.google.android.gms.auth.api.signin.internal.SignInHubActivity"
183-->[com.google.android.gms:play-services-auth:20.7.0] AndroidManifest.xml:24:13-93
184            android:excludeFromRecents="true"
184-->[com.google.android.gms:play-services-auth:20.7.0] AndroidManifest.xml:25:13-46
185            android:exported="false"
185-->[com.google.android.gms:play-services-auth:20.7.0] AndroidManifest.xml:26:13-37
186            android:theme="@android:style/Theme.Translucent.NoTitleBar" />
186-->[com.google.android.gms:play-services-auth:20.7.0] AndroidManifest.xml:27:13-72
187        <!--
188            Service handling Google Sign-In user revocation. For apps that do not integrate with
189            Google Sign-In, this service will never be started.
190        -->
191        <service
191-->[com.google.android.gms:play-services-auth:20.7.0] AndroidManifest.xml:33:9-37:51
192            android:name="com.google.android.gms.auth.api.signin.RevocationBoundService"
192-->[com.google.android.gms:play-services-auth:20.7.0] AndroidManifest.xml:34:13-89
193            android:exported="true"
193-->[com.google.android.gms:play-services-auth:20.7.0] AndroidManifest.xml:35:13-36
194            android:permission="com.google.android.gms.auth.api.signin.permission.REVOCATION_NOTIFICATION"
194-->[com.google.android.gms:play-services-auth:20.7.0] AndroidManifest.xml:36:13-107
195            android:visibleToInstantApps="true" />
195-->[com.google.android.gms:play-services-auth:20.7.0] AndroidManifest.xml:37:13-48
196
197        <activity
197-->[com.google.android.gms:play-services-base:18.1.0] AndroidManifest.xml:20:9-22:45
198            android:name="com.google.android.gms.common.api.GoogleApiActivity"
198-->[com.google.android.gms:play-services-base:18.1.0] AndroidManifest.xml:20:19-85
199            android:exported="false"
199-->[com.google.android.gms:play-services-base:18.1.0] AndroidManifest.xml:22:19-43
200            android:theme="@android:style/Theme.Translucent.NoTitleBar" />
200-->[com.google.android.gms:play-services-base:18.1.0] AndroidManifest.xml:21:19-78
201
202        <provider
202-->[com.google.firebase:firebase-common:21.0.0] AndroidManifest.xml:23:9-28:39
203            android:name="com.google.firebase.provider.FirebaseInitProvider"
203-->[com.google.firebase:firebase-common:21.0.0] AndroidManifest.xml:24:13-77
204            android:authorities="com.example.myapplication.firebaseinitprovider"
204-->[com.google.firebase:firebase-common:21.0.0] AndroidManifest.xml:25:13-72
205            android:directBootAware="true"
205-->[com.google.firebase:firebase-common:21.0.0] AndroidManifest.xml:26:13-43
206            android:exported="false"
206-->[com.google.firebase:firebase-common:21.0.0] AndroidManifest.xml:27:13-37
207            android:initOrder="100" />
207-->[com.google.firebase:firebase-common:21.0.0] AndroidManifest.xml:28:13-36
208        <provider
208-->[androidx.emoji2:emoji2:1.3.0] AndroidManifest.xml:24:9-32:20
209            android:name="androidx.startup.InitializationProvider"
209-->[androidx.emoji2:emoji2:1.3.0] AndroidManifest.xml:25:13-67
210            android:authorities="com.example.myapplication.androidx-startup"
210-->[androidx.emoji2:emoji2:1.3.0] AndroidManifest.xml:26:13-68
211            android:exported="false" >
211-->[androidx.emoji2:emoji2:1.3.0] AndroidManifest.xml:27:13-37
212            <meta-data
212-->[androidx.emoji2:emoji2:1.3.0] AndroidManifest.xml:29:13-31:52
213                android:name="androidx.emoji2.text.EmojiCompatInitializer"
213-->[androidx.emoji2:emoji2:1.3.0] AndroidManifest.xml:30:17-75
214                android:value="androidx.startup" />
214-->[androidx.emoji2:emoji2:1.3.0] AndroidManifest.xml:31:17-49
215            <meta-data
215-->[androidx.lifecycle:lifecycle-process:2.6.2] AndroidManifest.xml:29:13-31:52
216                android:name="androidx.lifecycle.ProcessLifecycleInitializer"
216-->[androidx.lifecycle:lifecycle-process:2.6.2] AndroidManifest.xml:30:17-78
217                android:value="androidx.startup" />
217-->[androidx.lifecycle:lifecycle-process:2.6.2] AndroidManifest.xml:31:17-49
218            <meta-data
218-->[androidx.profileinstaller:profileinstaller:1.4.0] AndroidManifest.xml:29:13-31:52
219                android:name="androidx.profileinstaller.ProfileInstallerInitializer"
219-->[androidx.profileinstaller:profileinstaller:1.4.0] AndroidManifest.xml:30:17-85
220                android:value="androidx.startup" />
220-->[androidx.profileinstaller:profileinstaller:1.4.0] AndroidManifest.xml:31:17-49
221        </provider>
222
223        <meta-data
223-->[com.google.android.gms:play-services-basement:18.3.0] AndroidManifest.xml:21:9-23:69
224            android:name="com.google.android.gms.version"
224-->[com.google.android.gms:play-services-basement:18.3.0] AndroidManifest.xml:22:13-58
225            android:value="@integer/google_play_services_version" />
225-->[com.google.android.gms:play-services-basement:18.3.0] AndroidManifest.xml:23:13-66
226
227        <receiver
227-->[androidx.profileinstaller:profileinstaller:1.4.0] AndroidManifest.xml:34:9-52:20
228            android:name="androidx.profileinstaller.ProfileInstallReceiver"
228-->[androidx.profileinstaller:profileinstaller:1.4.0] AndroidManifest.xml:35:13-76
229            android:directBootAware="false"
229-->[androidx.profileinstaller:profileinstaller:1.4.0] AndroidManifest.xml:36:13-44
230            android:enabled="true"
230-->[androidx.profileinstaller:profileinstaller:1.4.0] AndroidManifest.xml:37:13-35
231            android:exported="true"
231-->[androidx.profileinstaller:profileinstaller:1.4.0] AndroidManifest.xml:38:13-36
232            android:permission="android.permission.DUMP" >
232-->[androidx.profileinstaller:profileinstaller:1.4.0] AndroidManifest.xml:39:13-57
233            <intent-filter>
233-->[androidx.profileinstaller:profileinstaller:1.4.0] AndroidManifest.xml:40:13-42:29
234                <action android:name="androidx.profileinstaller.action.INSTALL_PROFILE" />
234-->[androidx.profileinstaller:profileinstaller:1.4.0] AndroidManifest.xml:41:17-91
234-->[androidx.profileinstaller:profileinstaller:1.4.0] AndroidManifest.xml:41:25-88
235            </intent-filter>
236            <intent-filter>
236-->[androidx.profileinstaller:profileinstaller:1.4.0] AndroidManifest.xml:43:13-45:29
237                <action android:name="androidx.profileinstaller.action.SKIP_FILE" />
237-->[androidx.profileinstaller:profileinstaller:1.4.0] AndroidManifest.xml:44:17-85
237-->[androidx.profileinstaller:profileinstaller:1.4.0] AndroidManifest.xml:44:25-82
238            </intent-filter>
239            <intent-filter>
239-->[androidx.profileinstaller:profileinstaller:1.4.0] AndroidManifest.xml:46:13-48:29
240                <action android:name="androidx.profileinstaller.action.SAVE_PROFILE" />
240-->[androidx.profileinstaller:profileinstaller:1.4.0] AndroidManifest.xml:47:17-88
240-->[androidx.profileinstaller:profileinstaller:1.4.0] AndroidManifest.xml:47:25-85
241            </intent-filter>
242            <intent-filter>
242-->[androidx.profileinstaller:profileinstaller:1.4.0] AndroidManifest.xml:49:13-51:29
243                <action android:name="androidx.profileinstaller.action.BENCHMARK_OPERATION" />
243-->[androidx.profileinstaller:profileinstaller:1.4.0] AndroidManifest.xml:50:17-95
243-->[androidx.profileinstaller:profileinstaller:1.4.0] AndroidManifest.xml:50:25-92
244            </intent-filter>
245        </receiver>
246    </application>
247
248</manifest>